[19-Nov-2022 00:12:42 UTC] PHP Warning:  Undefined array key "HTTP_AUTHORIZATION" in /home/raphael/Documentos/GitHub/Projetos/10-WordPress/dogsapi/app/public/wp-content/plugins/jwt-authentication-for-wp-rest-api/public/class-jwt-auth-public.php on line 222
[19-Nov-2022 00:12:42 UTC] PHP Warning:  Undefined array key "REDIRECT_HTTP_AUTHORIZATION" in /home/raphael/Documentos/GitHub/Projetos/10-WordPress/dogsapi/app/public/wp-content/plugins/jwt-authentication-for-wp-rest-api/public/class-jwt-auth-public.php on line 225
[19-Nov-2022 00:25:48 UTC] PHP Warning:  Undefined array key "HTTP_AUTHORIZATION" in /home/raphael/Documentos/GitHub/Projetos/10-WordPress/dogsapi/app/public/wp-content/plugins/jwt-authentication-for-wp-rest-api/public/class-jwt-auth-public.php on line 222
[19-Nov-2022 00:25:48 UTC] PHP Warning:  Undefined array key "REDIRECT_HTTP_AUTHORIZATION" in /home/raphael/Documentos/GitHub/Projetos/10-WordPress/dogsapi/app/public/wp-content/plugins/jwt-authentication-for-wp-rest-api/public/class-jwt-auth-public.php on line 225
[19-Nov-2022 00:25:59 UTC] PHP Warning:  Undefined array key "HTTP_AUTHORIZATION" in /home/raphael/Documentos/GitHub/Projetos/10-WordPress/dogsapi/app/public/wp-content/plugins/jwt-authentication-for-wp-rest-api/public/class-jwt-auth-public.php on line 222
[19-Nov-2022 00:25:59 UTC] PHP Warning:  Undefined array key "REDIRECT_HTTP_AUTHORIZATION" in /home/raphael/Documentos/GitHub/Projetos/10-WordPress/dogsapi/app/public/wp-content/plugins/jwt-authentication-for-wp-rest-api/public/class-jwt-auth-public.php on line 225
[19-Nov-2022 00:26:44 UTC] PHP Warning:  Undefined array key "HTTP_AUTHORIZATION" in /home/raphael/Documentos/GitHub/Projetos/10-WordPress/dogsapi/app/public/wp-content/plugins/jwt-authentication-for-wp-rest-api/public/class-jwt-auth-public.php on line 222
[19-Nov-2022 00:26:44 UTC] PHP Warning:  Undefined array key "REDIRECT_HTTP_AUTHORIZATION" in /home/raphael/Documentos/GitHub/Projetos/10-WordPress/dogsapi/app/public/wp-content/plugins/jwt-authentication-for-wp-rest-api/public/class-jwt-auth-public.php on line 225
[19-Nov-2022 00:33:26 UTC] PHP Warning:  Undefined array key "HTTP_AUTHORIZATION" in /home/raphael/Documentos/GitHub/Projetos/10-WordPress/dogsapi/app/public/wp-content/plugins/jwt-authentication-for-wp-rest-api/public/class-jwt-auth-public.php on line 222
[19-Nov-2022 00:33:26 UTC] PHP Warning:  Undefined array key "REDIRECT_HTTP_AUTHORIZATION" in /home/raphael/Documentos/GitHub/Projetos/10-WordPress/dogsapi/app/public/wp-content/plugins/jwt-authentication-for-wp-rest-api/public/class-jwt-auth-public.php on line 225
[19-Nov-2022 00:39:15 UTC] PHP Warning:  Undefined array key "HTTP_AUTHORIZATION" in /home/raphael/Documentos/GitHub/Projetos/10-WordPress/dogsapi/app/public/wp-content/plugins/jwt-authentication-for-wp-rest-api/public/class-jwt-auth-public.php on line 222
[19-Nov-2022 00:39:15 UTC] PHP Warning:  Undefined array key "REDIRECT_HTTP_AUTHORIZATION" in /home/raphael/Documentos/GitHub/Projetos/10-WordPress/dogsapi/app/public/wp-content/plugins/jwt-authentication-for-wp-rest-api/public/class-jwt-auth-public.php on line 225
[19-Nov-2022 00:40:24 UTC] PHP Warning:  Undefined array key "HTTP_AUTHORIZATION" in /home/raphael/Documentos/GitHub/Projetos/10-WordPress/dogsapi/app/public/wp-content/plugins/jwt-authentication-for-wp-rest-api/public/class-jwt-auth-public.php on line 222
[19-Nov-2022 00:40:24 UTC] PHP Warning:  Undefined array key "REDIRECT_HTTP_AUTHORIZATION" in /home/raphael/Documentos/GitHub/Projetos/10-WordPress/dogsapi/app/public/wp-content/plugins/jwt-authentication-for-wp-rest-api/public/class-jwt-auth-public.php on line 225
[19-Nov-2022 00:41:09 UTC] PHP Warning:  Undefined array key "HTTP_AUTHORIZATION" in /home/raphael/Documentos/GitHub/Projetos/10-WordPress/dogsapi/app/public/wp-content/plugins/jwt-authentication-for-wp-rest-api/public/class-jwt-auth-public.php on line 222
[19-Nov-2022 00:41:09 UTC] PHP Warning:  Undefined array key "REDIRECT_HTTP_AUTHORIZATION" in /home/raphael/Documentos/GitHub/Projetos/10-WordPress/dogsapi/app/public/wp-content/plugins/jwt-authentication-for-wp-rest-api/public/class-jwt-auth-public.php on line 225
[19-Nov-2022 00:41:11 UTC] PHP Warning:  Undefined array key "HTTP_AUTHORIZATION" in /home/raphael/Documentos/GitHub/Projetos/10-WordPress/dogsapi/app/public/wp-content/plugins/jwt-authentication-for-wp-rest-api/public/class-jwt-auth-public.php on line 222
[19-Nov-2022 00:41:11 UTC] PHP Warning:  Undefined array key "REDIRECT_HTTP_AUTHORIZATION" in /home/raphael/Documentos/GitHub/Projetos/10-WordPress/dogsapi/app/public/wp-content/plugins/jwt-authentication-for-wp-rest-api/public/class-jwt-auth-public.php on line 225
[19-Nov-2022 00:41:12 UTC] PHP Warning:  Undefined array key "HTTP_AUTHORIZATION" in /home/raphael/Documentos/GitHub/Projetos/10-WordPress/dogsapi/app/public/wp-content/plugins/jwt-authentication-for-wp-rest-api/public/class-jwt-auth-public.php on line 222
[19-Nov-2022 00:41:12 UTC] PHP Warning:  Undefined array key "REDIRECT_HTTP_AUTHORIZATION" in /home/raphael/Documentos/GitHub/Projetos/10-WordPress/dogsapi/app/public/wp-content/plugins/jwt-authentication-for-wp-rest-api/public/class-jwt-auth-public.php on line 225
[19-Nov-2022 00:42:08 UTC] PHP Warning:  Undefined array key "HTTP_AUTHORIZATION" in /home/raphael/Documentos/GitHub/Projetos/10-WordPress/dogsapi/app/public/wp-content/plugins/jwt-authentication-for-wp-rest-api/public/class-jwt-auth-public.php on line 222
[19-Nov-2022 00:42:08 UTC] PHP Warning:  Undefined array key "REDIRECT_HTTP_AUTHORIZATION" in /home/raphael/Documentos/GitHub/Projetos/10-WordPress/dogsapi/app/public/wp-content/plugins/jwt-authentication-for-wp-rest-api/public/class-jwt-auth-public.php on line 225
[19-Nov-2022 00:42:59 UTC] PHP Warning:  Undefined array key "HTTP_AUTHORIZATION" in /home/raphael/Documentos/GitHub/Projetos/10-WordPress/dogsapi/app/public/wp-content/plugins/jwt-authentication-for-wp-rest-api/public/class-jwt-auth-public.php on line 222
[19-Nov-2022 00:42:59 UTC] PHP Warning:  Undefined array key "REDIRECT_HTTP_AUTHORIZATION" in /home/raphael/Documentos/GitHub/Projetos/10-WordPress/dogsapi/app/public/wp-content/plugins/jwt-authentication-for-wp-rest-api/public/class-jwt-auth-public.php on line 225
[19-Nov-2022 00:47:29 UTC] PHP Parse error:  syntax error, unexpected token "]" in /home/raphael/Documentos/GitHub/Projetos/10-WordPress/dogsapi/app/public/wp-content/themes/api/endpoints/user_get.php on line 9
[19-Nov-2022 00:47:29 UTC] PHP Warning:  Trying to access array offset on value of type bool in /home/raphael/Documentos/GitHub/Projetos/10-WordPress/dogsapi/app/public/wp-includes/class-wp-recovery-mode-email-service.php on line 372
[19-Nov-2022 00:47:29 UTC] PHP Warning:  Trying to access array offset on value of type bool in /home/raphael/Documentos/GitHub/Projetos/10-WordPress/dogsapi/app/public/wp-includes/class-wp-recovery-mode-email-service.php on line 373
[19-Nov-2022 11:17:29 UTC] PHP Warning:  require_once(/home/raphael/Documentos/GitHub/Projetos/10-WordPress/dogsapi/app/public/wp-content/themes/api/endpoints/ohoto_post.php): Failed to open stream: No such file or directory in /home/raphael/Documentos/GitHub/Projetos/10-WordPress/dogsapi/app/public/wp-content/themes/api/functions.php on line 8
[19-Nov-2022 11:17:29 UTC] PHP Fatal error:  Uncaught Error: Failed opening required '/home/raphael/Documentos/GitHub/Projetos/10-WordPress/dogsapi/app/public/wp-content/themes/api/endpoints/ohoto_post.php' (include_path='.:/usr/share/php:/www/wp-content/pear') in /home/raphael/Documentos/GitHub/Projetos/10-WordPress/dogsapi/app/public/wp-content/themes/api/functions.php:8
Stack trace:
#0 /home/raphael/Documentos/GitHub/Projetos/10-WordPress/dogsapi/app/public/wp-settings.php(585): include()
#1 /home/raphael/Documentos/GitHub/Projetos/10-WordPress/dogsapi/app/public/wp-config.php(94): require_once('/home/raphael/D...')
#2 /home/raphael/Documentos/GitHub/Projetos/10-WordPress/dogsapi/app/public/wp-load.php(50): require_once('/home/raphael/D...')
#3 /home/raphael/Documentos/GitHub/Projetos/10-WordPress/dogsapi/app/public/wp-admin/admin-ajax.php(22): require_once('/home/raphael/D...')
#4 {main}
  thrown in /home/raphael/Documentos/GitHub/Projetos/10-WordPress/dogsapi/app/public/wp-content/themes/api/functions.php on line 8
[19-Nov-2022 11:18:28 UTC] PHP Warning:  require_once(/home/raphael/Documentos/GitHub/Projetos/10-WordPress/dogsapi/app/public/wp-content/themes/api/endpoints/ohoto_post.php): Failed to open stream: No such file or directory in /home/raphael/Documentos/GitHub/Projetos/10-WordPress/dogsapi/app/public/wp-content/themes/api/functions.php on line 8
[19-Nov-2022 11:18:28 UTC] PHP Fatal error:  Uncaught Error: Failed opening required '/home/raphael/Documentos/GitHub/Projetos/10-WordPress/dogsapi/app/public/wp-content/themes/api/endpoints/ohoto_post.php' (include_path='.:/usr/share/php:/www/wp-content/pear') in /home/raphael/Documentos/GitHub/Projetos/10-WordPress/dogsapi/app/public/wp-content/themes/api/functions.php:8
Stack trace:
#0 /home/raphael/Documentos/GitHub/Projetos/10-WordPress/dogsapi/app/public/wp-settings.php(585): include()
#1 /home/raphael/Documentos/GitHub/Projetos/10-WordPress/dogsapi/app/public/wp-config.php(94): require_once('/home/raphael/D...')
#2 /home/raphael/Documentos/GitHub/Projetos/10-WordPress/dogsapi/app/public/wp-load.php(50): require_once('/home/raphael/D...')
#3 /home/raphael/Documentos/GitHub/Projetos/10-WordPress/dogsapi/app/public/wp-blog-header.php(13): require_once('/home/raphael/D...')
#4 /home/raphael/Documentos/GitHub/Projetos/10-WordPress/dogsapi/app/public/index.php(17): require('/home/raphael/D...')
#5 {main}
  thrown in /home/raphael/Documentos/GitHub/Projetos/10-WordPress/dogsapi/app/public/wp-content/themes/api/functions.php on line 8
[19-Nov-2022 11:19:02 UTC] PHP Warning:  require_once(/home/raphael/Documentos/GitHub/Projetos/10-WordPress/dogsapi/app/public/wp-content/themes/api/endpoints/ohoto_post.php): Failed to open stream: No such file or directory in /home/raphael/Documentos/GitHub/Projetos/10-WordPress/dogsapi/app/public/wp-content/themes/api/functions.php on line 8
[19-Nov-2022 11:19:02 UTC] PHP Fatal error:  Uncaught Error: Failed opening required '/home/raphael/Documentos/GitHub/Projetos/10-WordPress/dogsapi/app/public/wp-content/themes/api/endpoints/ohoto_post.php' (include_path='.:/usr/share/php:/www/wp-content/pear') in /home/raphael/Documentos/GitHub/Projetos/10-WordPress/dogsapi/app/public/wp-content/themes/api/functions.php:8
Stack trace:
#0 /home/raphael/Documentos/GitHub/Projetos/10-WordPress/dogsapi/app/public/wp-settings.php(585): include()
#1 /home/raphael/Documentos/GitHub/Projetos/10-WordPress/dogsapi/app/public/wp-config.php(94): require_once('/home/raphael/D...')
#2 /home/raphael/Documentos/GitHub/Projetos/10-WordPress/dogsapi/app/public/wp-load.php(50): require_once('/home/raphael/D...')
#3 /home/raphael/Documentos/GitHub/Projetos/10-WordPress/dogsapi/app/public/wp-admin/admin.php(34): require_once('/home/raphael/D...')
#4 /home/raphael/Documentos/GitHub/Projetos/10-WordPress/dogsapi/app/public/wp-admin/users.php(11): require_once('/home/raphael/D...')
#5 {main}
  thrown in /home/raphael/Documentos/GitHub/Projetos/10-WordPress/dogsapi/app/public/wp-content/themes/api/functions.php on line 8
[19-Nov-2022 11:19:02 UTC] PHP Warning:  require_once(/home/raphael/Documentos/GitHub/Projetos/10-WordPress/dogsapi/app/public/wp-content/themes/api/endpoints/ohoto_post.php): Failed to open stream: No such file or directory in /home/raphael/Documentos/GitHub/Projetos/10-WordPress/dogsapi/app/public/wp-content/themes/api/functions.php on line 8
[19-Nov-2022 11:19:02 UTC] PHP Fatal error:  Uncaught Error: Failed opening required '/home/raphael/Documentos/GitHub/Projetos/10-WordPress/dogsapi/app/public/wp-content/themes/api/endpoints/ohoto_post.php' (include_path='.:/usr/share/php:/www/wp-content/pear') in /home/raphael/Documentos/GitHub/Projetos/10-WordPress/dogsapi/app/public/wp-content/themes/api/functions.php:8
Stack trace:
#0 /home/raphael/Documentos/GitHub/Projetos/10-WordPress/dogsapi/app/public/wp-settings.php(585): include()
#1 /home/raphael/Documentos/GitHub/Projetos/10-WordPress/dogsapi/app/public/wp-config.php(94): require_once('/home/raphael/D...')
#2 /home/raphael/Documentos/GitHub/Projetos/10-WordPress/dogsapi/app/public/wp-load.php(50): require_once('/home/raphael/D...')
#3 /home/raphael/Documentos/GitHub/Projetos/10-WordPress/dogsapi/app/public/wp-admin/admin-ajax.php(22): require_once('/home/raphael/D...')
#4 {main}
  thrown in /home/raphael/Documentos/GitHub/Projetos/10-WordPress/dogsapi/app/public/wp-content/themes/api/functions.php on line 8
[19-Nov-2022 11:19:02 UTC] PHP Warning:  require_once(/home/raphael/Documentos/GitHub/Projetos/10-WordPress/dogsapi/app/public/wp-content/themes/api/endpoints/ohoto_post.php): Failed to open stream: No such file or directory in /home/raphael/Documentos/GitHub/Projetos/10-WordPress/dogsapi/app/public/wp-content/themes/api/functions.php on line 8
[19-Nov-2022 11:19:02 UTC] PHP Fatal error:  Uncaught Error: Failed opening required '/home/raphael/Documentos/GitHub/Projetos/10-WordPress/dogsapi/app/public/wp-content/themes/api/endpoints/ohoto_post.php' (include_path='.:/usr/share/php:/www/wp-content/pear') in /home/raphael/Documentos/GitHub/Projetos/10-WordPress/dogsapi/app/public/wp-content/themes/api/functions.php:8
Stack trace:
#0 /home/raphael/Documentos/GitHub/Projetos/10-WordPress/dogsapi/app/public/wp-settings.php(585): include()
#1 /home/raphael/Documentos/GitHub/Projetos/10-WordPress/dogsapi/app/public/wp-config.php(94): require_once('/home/raphael/D...')
#2 /home/raphael/Documentos/GitHub/Projetos/10-WordPress/dogsapi/app/public/wp-load.php(50): require_once('/home/raphael/D...')
#3 /home/raphael/Documentos/GitHub/Projetos/10-WordPress/dogsapi/app/public/wp-blog-header.php(13): require_once('/home/raphael/D...')
#4 /home/raphael/Documentos/GitHub/Projetos/10-WordPress/dogsapi/app/public/index.php(17): require('/home/raphael/D...')
#5 {main}
  thrown in /home/raphael/Documentos/GitHub/Projetos/10-WordPress/dogsapi/app/public/wp-content/themes/api/functions.php on line 8
[19-Nov-2022 11:19:04 UTC] PHP Warning:  require_once(/home/raphael/Documentos/GitHub/Projetos/10-WordPress/dogsapi/app/public/wp-content/themes/api/endpoints/ohoto_post.php): Failed to open stream: No such file or directory in /home/raphael/Documentos/GitHub/Projetos/10-WordPress/dogsapi/app/public/wp-content/themes/api/functions.php on line 8
[19-Nov-2022 11:19:04 UTC] PHP Fatal error:  Uncaught Error: Failed opening required '/home/raphael/Documentos/GitHub/Projetos/10-WordPress/dogsapi/app/public/wp-content/themes/api/endpoints/ohoto_post.php' (include_path='.:/usr/share/php:/www/wp-content/pear') in /home/raphael/Documentos/GitHub/Projetos/10-WordPress/dogsapi/app/public/wp-content/themes/api/functions.php:8
Stack trace:
#0 /home/raphael/Documentos/GitHub/Projetos/10-WordPress/dogsapi/app/public/wp-settings.php(585): include()
#1 /home/raphael/Documentos/GitHub/Projetos/10-WordPress/dogsapi/app/public/wp-config.php(94): require_once('/home/raphael/D...')
#2 /home/raphael/Documentos/GitHub/Projetos/10-WordPress/dogsapi/app/public/wp-load.php(50): require_once('/home/raphael/D...')
#3 /home/raphael/Documentos/GitHub/Projetos/10-WordPress/dogsapi/app/public/wp-admin/admin.php(34): require_once('/home/raphael/D...')
#4 /home/raphael/Documentos/GitHub/Projetos/10-WordPress/dogsapi/app/public/wp-admin/users.php(11): require_once('/home/raphael/D...')
#5 {main}
  thrown in /home/raphael/Documentos/GitHub/Projetos/10-WordPress/dogsapi/app/public/wp-content/themes/api/functions.php on line 8
[19-Nov-2022 11:23:30 UTC] PHP Parse error:  syntax error, unexpected token "}" in /home/raphael/Documentos/GitHub/Projetos/10-WordPress/dogsapi/app/public/wp-content/themes/api/endpoints/photo_post.php on line 8
[19-Nov-2022 11:41:03 UTC] PHP Parse error:  syntax error, unexpected token "if" in /home/raphael/Documentos/GitHub/Projetos/10-WordPress/dogsapi/app/public/wp-content/themes/api/endpoints/photo_post.php on line 16
[19-Nov-2022 11:45:03 UTC] PHP Parse error:  syntax error, unexpected token "return" in /home/raphael/Documentos/GitHub/Projetos/10-WordPress/dogsapi/app/public/wp-content/themes/api/endpoints/photo_post.php on line 39
